<?xml version="1.0" encoding="UTF-8"?>
<!-- Generated by org.testng.reporters.JUnitReportReporter -->
<testsuite hostname="DESKTOP-GICHNOE" failures="0" tests="1" name="Dymanic_table.Dynamic_HTML_TABLE" time="13.924" errors="0" timestamp="2023-11-16T08:22:15 IST" skipped="0">
  <testcase classname="Dymanic_table.Dynamic_HTML_TABLE" name="VerfityTableData" time="13.924"/>
</testsuite> <!-- Dymanic_table.Dynamic_HTML_TABLE -->
